[Wed Dec 10 22:54:13 PST 2025] Starting npm run sync

> personal-feed@0.1.0 sync
> tsx scripts/sync.ts

Starting sync…
✅ Sync completed
[Wed Dec 10 22:54:14 PST 2025] Finished npm run sync
[Wed Dec 10 22:55:39 PST 2025] Starting npm run sync

> personal-feed@0.1.0 sync
> tsx scripts/sync.ts

Starting sync…
✅ Sync completed
[Wed Dec 10 22:55:44 PST 2025] Finished npm run sync
[Wed Dec 10 22:55:58 PST 2025] Starting npm run sync

> personal-feed@0.1.0 sync
> tsx scripts/sync.ts

Starting sync…
✅ Sync completed
[Wed Dec 10 22:56:00 PST 2025] Finished npm run sync
[Wed Dec 10 22:59:42 PST 2025] Starting npm run sync

> personal-feed@0.1.0 sync
> tsx scripts/sync.ts

Starting sync…
✅ Sync completed
[Wed Dec 10 22:59:43 PST 2025] Finished npm run sync
